INFO:  Logger initialized
INFO:  Kernel initialized
INFO: Step: 1000, Time: 2.88e+05, KE: 1.72e-04, CFL: 0.092
INFO: Step: 2000, Time: 5.76e+05, KE: 1.57e-04, CFL: 0.092
INFO: Step: 3000, Time: 8.64e+05, KE: 1.43e-04, CFL: 0.092
INFO: Step: 4000, Time: 1.15e+06, KE: 1.36e-04, CFL: 0.092
INFO: Step: 5000, Time: 1.44e+06, KE: 1.35e-04, CFL: 0.092
INFO: Step: 6000, Time: 1.73e+06, KE: 1.34e-04, CFL: 0.092
INFO: Step: 7000, Time: 2.02e+06, KE: 1.34e-04, CFL: 0.092
INFO: Step: 8000, Time: 2.30e+06, KE: 1.36e-04, CFL: 0.092
INFO: Step: 9000, Time: 2.59e+06, KE: 1.38e-04, CFL: 0.092
INFO: Step: 10000, Time: 2.88e+06, KE: 1.40e-04, CFL: 0.092
INFO: Step: 11000, Time: 3.17e+06, KE: 1.42e-04, CFL: 0.092
INFO: Step: 12000, Time: 3.46e+06, KE: 1.45e-04, CFL: 0.092
INFO: Step: 13000, Time: 3.74e+06, KE: 1.48e-04, CFL: 0.092
INFO: Step: 14000, Time: 4.03e+06, KE: 1.52e-04, CFL: 0.092
INFO: Step: 15000, Time: 4.32e+06, KE: 1.55e-04, CFL: 0.092
INFO: Step: 16000, Time: 4.61e+06, KE: 1.59e-04, CFL: 0.092
INFO: Step: 17000, Time: 4.90e+06, KE: 1.64e-04, CFL: 0.092
INFO: Step: 18000, Time: 5.18e+06, KE: 1.69e-04, CFL: 0.092
INFO: Step: 19000, Time: 5.47e+06, KE: 1.74e-04, CFL: 0.092
INFO: Step: 20000, Time: 5.76e+06, KE: 1.80e-04, CFL: 0.092
INFO: Step: 21000, Time: 6.05e+06, KE: 1.86e-04, CFL: 0.092
INFO: Step: 22000, Time: 6.34e+06, KE: 1.93e-04, CFL: 0.092
INFO: Step: 23000, Time: 6.62e+06, KE: 2.00e-04, CFL: 0.092
INFO: Step: 24000, Time: 6.91e+06, KE: 2.08e-04, CFL: 0.092
INFO: Step: 25000, Time: 7.20e+06, KE: 2.17e-04, CFL: 0.092
INFO: Step: 26000, Time: 7.49e+06, KE: 2.26e-04, CFL: 0.092
INFO: Step: 27000, Time: 7.78e+06, KE: 2.36e-04, CFL: 0.092
INFO: Step: 28000, Time: 8.06e+06, KE: 2.48e-04, CFL: 0.092
INFO: Step: 29000, Time: 8.35e+06, KE: 2.60e-04, CFL: 0.092
INFO: Step: 30000, Time: 8.64e+06, KE: 2.73e-04, CFL: 0.092
INFO: Step: 31000, Time: 8.93e+06, KE: 2.87e-04, CFL: 0.092
INFO: Step: 32000, Time: 9.22e+06, KE: 3.03e-04, CFL: 0.092
INFO: Step: 33000, Time: 9.50e+06, KE: 3.20e-04, CFL: 0.092
INFO: Step: 34000, Time: 9.79e+06, KE: 3.38e-04, CFL: 0.092
INFO: Step: 35000, Time: 1.01e+07, KE: 3.58e-04, CFL: 0.092
INFO: Step: 36000, Time: 1.04e+07, KE: 3.80e-04, CFL: 0.092
INFO: Step: 37000, Time: 1.07e+07, KE: 4.04e-04, CFL: 0.092
INFO: Step: 38000, Time: 1.09e+07, KE: 4.29e-04, CFL: 0.092
INFO: Step: 39000, Time: 1.12e+07, KE: 4.57e-04, CFL: 0.092
INFO: Step: 40000, Time: 1.15e+07, KE: 4.88e-04, CFL: 0.092
INFO: Step: 41000, Time: 1.18e+07, KE: 5.21e-04, CFL: 0.092
INFO: Step: 42000, Time: 1.21e+07, KE: 5.57e-04, CFL: 0.092
INFO: Step: 43000, Time: 1.24e+07, KE: 5.97e-04, CFL: 0.092
INFO: Step: 44000, Time: 1.27e+07, KE: 6.40e-04, CFL: 0.092
INFO: Step: 45000, Time: 1.30e+07, KE: 6.86e-04, CFL: 0.092
INFO: Step: 46000, Time: 1.32e+07, KE: 7.37e-04, CFL: 0.092
INFO: Step: 47000, Time: 1.35e+07, KE: 7.93e-04, CFL: 0.092
INFO: Step: 48000, Time: 1.38e+07, KE: 8.53e-04, CFL: 0.092
INFO: Step: 49000, Time: 1.41e+07, KE: 9.19e-04, CFL: 0.092
INFO: Step: 50000, Time: 1.44e+07, KE: 9.90e-04, CFL: 0.092
INFO: Step: 51000, Time: 1.47e+07, KE: 1.07e-03, CFL: 0.092
INFO: Step: 52000, Time: 1.50e+07, KE: 1.15e-03, CFL: 0.092
INFO: Step: 53000, Time: 1.53e+07, KE: 1.25e-03, CFL: 0.092
INFO: Step: 54000, Time: 1.56e+07, KE: 1.35e-03, CFL: 0.092
INFO: Step: 55000, Time: 1.58e+07, KE: 1.46e-03, CFL: 0.092
INFO: Step: 56000, Time: 1.61e+07, KE: 1.58e-03, CFL: 0.092
INFO: Step: 57000, Time: 1.64e+07, KE: 1.71e-03, CFL: 0.092
INFO: Step: 58000, Time: 1.67e+07, KE: 1.85e-03, CFL: 0.092
INFO: Step: 59000, Time: 1.70e+07, KE: 2.01e-03, CFL: 0.092
INFO: Step: 60000, Time: 1.73e+07, KE: 2.18e-03, CFL: 0.092
INFO: Step: 61000, Time: 1.76e+07, KE: 2.36e-03, CFL: 0.092
INFO: Step: 62000, Time: 1.79e+07, KE: 2.56e-03, CFL: 0.092
INFO: Step: 63000, Time: 1.81e+07, KE: 2.78e-03, CFL: 0.092
INFO: Step: 64000, Time: 1.84e+07, KE: 3.02e-03, CFL: 0.092
INFO: Step: 65000, Time: 1.87e+07, KE: 3.28e-03, CFL: 0.092
INFO: Step: 66000, Time: 1.90e+07, KE: 3.57e-03, CFL: 0.092
INFO: Step: 67000, Time: 1.93e+07, KE: 3.88e-03, CFL: 0.092
INFO: Step: 68000, Time: 1.96e+07, KE: 4.22e-03, CFL: 0.092
INFO: Step: 69000, Time: 1.99e+07, KE: 4.59e-03, CFL: 0.092
INFO: Step: 70000, Time: 2.02e+07, KE: 4.99e-03, CFL: 0.092
INFO: Step: 71000, Time: 2.04e+07, KE: 5.43e-03, CFL: 0.092
INFO: Step: 72000, Time: 2.07e+07, KE: 5.91e-03, CFL: 0.092
INFO: Step: 73000, Time: 2.10e+07, KE: 6.44e-03, CFL: 0.092
INFO: Step: 74000, Time: 2.13e+07, KE: 7.01e-03, CFL: 0.092
INFO: Step: 75000, Time: 2.16e+07, KE: 7.63e-03, CFL: 0.092
INFO: Step: 76000, Time: 2.19e+07, KE: 8.31e-03, CFL: 0.092
INFO: Step: 77000, Time: 2.22e+07, KE: 9.06e-03, CFL: 0.092
INFO: Step: 78000, Time: 2.25e+07, KE: 9.87e-03, CFL: 0.092
INFO: Step: 79000, Time: 2.28e+07, KE: 1.08e-02, CFL: 0.092
INFO: Step: 80000, Time: 2.30e+07, KE: 1.17e-02, CFL: 0.092
INFO: Step: 81000, Time: 2.33e+07, KE: 1.28e-02, CFL: 0.092
INFO: Step: 82000, Time: 2.36e+07, KE: 1.39e-02, CFL: 0.092
INFO: Step: 83000, Time: 2.39e+07, KE: 1.52e-02, CFL: 0.092
INFO: Step: 84000, Time: 2.42e+07, KE: 1.65e-02, CFL: 0.092
INFO: Step: 85000, Time: 2.45e+07, KE: 1.80e-02, CFL: 0.092
INFO: Step: 86000, Time: 2.48e+07, KE: 1.97e-02, CFL: 0.092
INFO: Step: 87000, Time: 2.51e+07, KE: 2.14e-02, CFL: 0.092
INFO: Step: 88000, Time: 2.53e+07, KE: 2.34e-02, CFL: 0.092
INFO: Step: 89000, Time: 2.56e+07, KE: 2.55e-02, CFL: 0.092
INFO: Step: 90000, Time: 2.59e+07, KE: 2.78e-02, CFL: 0.092
INFO: Step: 91000, Time: 2.62e+07, KE: 3.03e-02, CFL: 0.092
INFO: Step: 92000, Time: 2.65e+07, KE: 3.31e-02, CFL: 0.092
INFO: Step: 93000, Time: 2.68e+07, KE: 3.61e-02, CFL: 0.092
INFO: Step: 94000, Time: 2.71e+07, KE: 3.94e-02, CFL: 0.092
INFO: Step: 95000, Time: 2.74e+07, KE: 4.29e-02, CFL: 0.092
INFO: Step: 96000, Time: 2.76e+07, KE: 4.68e-02, CFL: 0.092
INFO: Step: 97000, Time: 2.79e+07, KE: 5.11e-02, CFL: 0.092
INFO: Step: 98000, Time: 2.82e+07, KE: 5.57e-02, CFL: 0.092
INFO: Step: 99000, Time: 2.85e+07, KE: 6.08e-02, CFL: 0.092
INFO: Step: 100000, Time: 2.88e+07, KE: 6.64e-02, CFL: 0.092
INFO: Step: 101000, Time: 2.91e+07, KE: 7.24e-02, CFL: 0.092
INFO: Step: 102000, Time: 2.94e+07, KE: 7.90e-02, CFL: 0.092
INFO: Step: 103000, Time: 2.97e+07, KE: 8.62e-02, CFL: 0.092
INFO: Step: 104000, Time: 3.00e+07, KE: 9.41e-02, CFL: 0.092
INFO: Step: 105000, Time: 3.02e+07, KE: 1.03e-01, CFL: 0.092
INFO: Step: 106000, Time: 3.05e+07, KE: 1.12e-01, CFL: 0.092
INFO: Step: 107000, Time: 3.08e+07, KE: 1.22e-01, CFL: 0.092
INFO: Step: 108000, Time: 3.11e+07, KE: 1.33e-01, CFL: 0.092
INFO: Step: 109000, Time: 3.14e+07, KE: 1.46e-01, CFL: 0.092
INFO: Step: 110000, Time: 3.17e+07, KE: 1.59e-01, CFL: 0.092
INFO: Step: 111000, Time: 3.20e+07, KE: 1.73e-01, CFL: 0.092
INFO: Step: 112000, Time: 3.23e+07, KE: 1.89e-01, CFL: 0.092
INFO: Step: 113000, Time: 3.25e+07, KE: 2.06e-01, CFL: 0.092
INFO: Step: 114000, Time: 3.28e+07, KE: 2.25e-01, CFL: 0.092
INFO: Step: 115000, Time: 3.31e+07, KE: 2.46e-01, CFL: 0.092
INFO: Step: 116000, Time: 3.34e+07, KE: 2.68e-01, CFL: 0.092
INFO: Step: 117000, Time: 3.37e+07, KE: 2.93e-01, CFL: 0.092
INFO: Step: 118000, Time: 3.40e+07, KE: 3.20e-01, CFL: 0.092
INFO: Step: 119000, Time: 3.43e+07, KE: 3.49e-01, CFL: 0.092
INFO: Step: 120000, Time: 3.46e+07, KE: 3.81e-01, CFL: 0.092
INFO: Step: 121000, Time: 3.48e+07, KE: 4.16e-01, CFL: 0.092
INFO: Step: 122000, Time: 3.51e+07, KE: 4.54e-01, CFL: 0.092
INFO: Step: 123000, Time: 3.54e+07, KE: 4.95e-01, CFL: 0.092
INFO: Step: 124000, Time: 3.57e+07, KE: 5.40e-01, CFL: 0.092
INFO: Step: 125000, Time: 3.60e+07, KE: 5.90e-01, CFL: 0.092
INFO: Step: 126000, Time: 3.63e+07, KE: 6.44e-01, CFL: 0.092
INFO: Step: 127000, Time: 3.66e+07, KE: 7.02e-01, CFL: 0.092
INFO: Step: 128000, Time: 3.69e+07, KE: 7.67e-01, CFL: 0.092
INFO: Step: 129000, Time: 3.72e+07, KE: 8.37e-01, CFL: 0.092
INFO: Step: 130000, Time: 3.74e+07, KE: 9.13e-01, CFL: 0.092
INFO: Step: 131000, Time: 3.77e+07, KE: 9.97e-01, CFL: 0.092
INFO: Step: 132000, Time: 3.80e+07, KE: 1.09e+00, CFL: 0.092
INFO: Step: 133000, Time: 3.83e+07, KE: 1.19e+00, CFL: 0.092
INFO: Step: 134000, Time: 3.86e+07, KE: 1.30e+00, CFL: 0.092
INFO: Step: 135000, Time: 3.89e+07, KE: 1.41e+00, CFL: 0.092
INFO: Step: 136000, Time: 3.92e+07, KE: 1.54e+00, CFL: 0.092
INFO: Step: 137000, Time: 3.95e+07, KE: 1.69e+00, CFL: 0.092
INFO: Step: 138000, Time: 3.97e+07, KE: 1.84e+00, CFL: 0.092
INFO: Step: 139000, Time: 4.00e+07, KE: 2.01e+00, CFL: 0.092
INFO: Step: 140000, Time: 4.03e+07, KE: 2.19e+00, CFL: 0.092
INFO: Step: 141000, Time: 4.06e+07, KE: 2.39e+00, CFL: 0.092
INFO: Step: 142000, Time: 4.09e+07, KE: 2.61e+00, CFL: 0.092
INFO: Step: 143000, Time: 4.12e+07, KE: 2.85e+00, CFL: 0.093
INFO: Step: 144000, Time: 4.15e+07, KE: 3.11e+00, CFL: 0.093
INFO: Step: 145000, Time: 4.18e+07, KE: 3.40e+00, CFL: 0.093
INFO: Step: 146000, Time: 4.20e+07, KE: 3.71e+00, CFL: 0.093
INFO: Step: 147000, Time: 4.23e+07, KE: 4.05e+00, CFL: 0.093
INFO: Step: 148000, Time: 4.26e+07, KE: 4.42e+00, CFL: 0.093
INFO: Step: 149000, Time: 4.29e+07, KE: 4.82e+00, CFL: 0.093
INFO: Step: 150000, Time: 4.32e+07, KE: 5.26e+00, CFL: 0.093
INFO: Step: 151000, Time: 4.35e+07, KE: 5.75e+00, CFL: 0.093
INFO: Step: 152000, Time: 4.38e+07, KE: 6.27e+00, CFL: 0.093
INFO: Step: 153000, Time: 4.41e+07, KE: 6.84e+00, CFL: 0.093
INFO: Step: 154000, Time: 4.44e+07, KE: 7.47e+00, CFL: 0.093
INFO: Step: 155000, Time: 4.46e+07, KE: 8.16e+00, CFL: 0.093
INFO: Step: 156000, Time: 4.49e+07, KE: 8.90e+00, CFL: 0.093
INFO: Step: 157000, Time: 4.52e+07, KE: 9.72e+00, CFL: 0.093
INFO: Step: 158000, Time: 4.55e+07, KE: 1.06e+01, CFL: 0.093
INFO: Step: 159000, Time: 4.58e+07, KE: 1.16e+01, CFL: 0.093
INFO: Step: 160000, Time: 4.61e+07, KE: 1.26e+01, CFL: 0.094
INFO: Step: 161000, Time: 4.64e+07, KE: 1.38e+01, CFL: 0.094
INFO: Step: 162000, Time: 4.67e+07, KE: 1.51e+01, CFL: 0.094
INFO: Step: 163000, Time: 4.69e+07, KE: 1.64e+01, CFL: 0.095
INFO: Step: 164000, Time: 4.72e+07, KE: 1.79e+01, CFL: 0.096
INFO: Step: 165000, Time: 4.75e+07, KE: 1.96e+01, CFL: 0.097
INFO: Step: 166000, Time: 4.78e+07, KE: 2.14e+01, CFL: 0.100
INFO: Step: 167000, Time: 4.81e+07, KE: 2.34e+01, CFL: 0.107
INFO: Step: 168000, Time: 4.84e+07, KE: 2.56e+01, CFL: 0.123
INFO: Step: 169000, Time: 4.87e+07, KE: 2.81e+01, CFL: 0.157
INFO: Step: 170000, Time: 4.90e+07, KE: 2.92e+01, CFL: 0.177
INFO: Step: 171000, Time: 4.92e+07, KE: 2.87e+01, CFL: 0.149
INFO: Step: 172000, Time: 4.95e+07, KE: 3.26e+01, CFL: 0.144
INFO: Step: 173000, Time: 4.98e+07, KE: 3.51e+01, CFL: 0.163
INFO: Step: 174000, Time: 5.01e+07, KE: 3.81e+01, CFL: 0.189
INFO: Step: 175000, Time: 5.04e+07, KE: 3.99e+01, CFL: 0.195
INFO: Step: 176000, Time: 5.07e+07, KE: 3.87e+01, CFL: 0.199
INFO: Step: 177000, Time: 5.10e+07, KE: 3.93e+01, CFL: 0.194
INFO: Step: 178000, Time: 5.13e+07, KE: 4.28e+01, CFL: 0.197
INFO: Step: 179000, Time: 5.16e+07, KE: 3.85e+01, CFL: 0.194
INFO: Step: 180000, Time: 5.18e+07, KE: 4.03e+01, CFL: 0.212
INFO: Step: 181000, Time: 5.21e+07, KE: 4.10e+01, CFL: 0.200
INFO: Step: 182000, Time: 5.24e+07, KE: 4.24e+01, CFL: 0.213
INFO: Step: 183000, Time: 5.27e+07, KE: 4.08e+01, CFL: 0.206
INFO: Step: 184000, Time: 5.30e+07, KE: 3.96e+01, CFL: 0.195
INFO: Step: 185000, Time: 5.33e+07, KE: 4.26e+01, CFL: 0.237
INFO: Step: 186000, Time: 5.36e+07, KE: 3.58e+01, CFL: 0.195
INFO: Step: 187000, Time: 5.39e+07, KE: 3.24e+01, CFL: 0.186
INFO: Step: 188000, Time: 5.41e+07, KE: 3.52e+01, CFL: 0.213
INFO: Step: 189000, Time: 5.44e+07, KE: 3.47e+01, CFL: 0.225
INFO: Step: 190000, Time: 5.47e+07, KE: 3.22e+01, CFL: 0.223
INFO: Step: 191000, Time: 5.50e+07, KE: 3.24e+01, CFL: 0.242
INFO: Step: 192000, Time: 5.53e+07, KE: 3.32e+01, CFL: 0.235
INFO: Step: 193000, Time: 5.56e+07, KE: 3.09e+01, CFL: 0.234
INFO: Step: 194000, Time: 5.59e+07, KE: 2.73e+01, CFL: 0.237
INFO: Step: 195000, Time: 5.62e+07, KE: 2.72e+01, CFL: 0.225
INFO: Step: 196000, Time: 5.64e+07, KE: 2.73e+01, CFL: 0.225
INFO: Step: 197000, Time: 5.67e+07, KE: 2.63e+01, CFL: 0.226
INFO: Step: 198000, Time: 5.70e+07, KE: 2.60e+01, CFL: 0.259
INFO: Step: 199000, Time: 5.73e+07, KE: 2.51e+01, CFL: 0.228
INFO: Step: 200000, Time: 5.76e+07, KE: 2.26e+01, CFL: 0.221
INFO: Step: 201000, Time: 5.79e+07, KE: 2.16e+01, CFL: 0.204
INFO: Step: 202000, Time: 5.82e+07, KE: 2.21e+01, CFL: 0.192
INFO: Step: 203000, Time: 5.85e+07, KE: 2.38e+01, CFL: 0.230
INFO: Step: 204000, Time: 5.88e+07, KE: 2.40e+01, CFL: 0.224
INFO: Step: 205000, Time: 5.90e+07, KE: 2.17e+01, CFL: 0.208
INFO: Step: 206000, Time: 5.93e+07, KE: 1.93e+01, CFL: 0.197
INFO: Step: 207000, Time: 5.96e+07, KE: 1.95e+01, CFL: 0.190
INFO: Step: 208000, Time: 5.99e+07, KE: 2.08e+01, CFL: 0.205
INFO: Step: 209000, Time: 6.02e+07, KE: 2.05e+01, CFL: 0.190
INFO: Step: 210000, Time: 6.05e+07, KE: 1.95e+01, CFL: 0.186
INFO: Step: 211000, Time: 6.08e+07, KE: 1.91e+01, CFL: 0.189
INFO: Step: 212000, Time: 6.11e+07, KE: 2.04e+01, CFL: 0.206
INFO: Step: 213000, Time: 6.13e+07, KE: 2.26e+01, CFL: 0.214
INFO: Step: 214000, Time: 6.16e+07, KE: 2.39e+01, CFL: 0.204
INFO: Step: 215000, Time: 6.19e+07, KE: 2.29e+01, CFL: 0.227
INFO: Step: 216000, Time: 6.22e+07, KE: 2.21e+01, CFL: 0.217
INFO: Step: 217000, Time: 6.25e+07, KE: 2.19e+01, CFL: 0.205
INFO: Step: 218000, Time: 6.28e+07, KE: 2.11e+01, CFL: 0.192
INFO: Step: 219000, Time: 6.31e+07, KE: 2.15e+01, CFL: 0.195
INFO: Step: 220000, Time: 6.34e+07, KE: 2.24e+01, CFL: 0.194
INFO: Step: 221000, Time: 6.36e+07, KE: 2.38e+01, CFL: 0.197
INFO: Step: 222000, Time: 6.39e+07, KE: 2.47e+01, CFL: 0.244
INFO: Step: 223000, Time: 6.42e+07, KE: 2.48e+01, CFL: 0.228
INFO: Step: 224000, Time: 6.45e+07, KE: 2.31e+01, CFL: 0.257
INFO: Step: 225000, Time: 6.48e+07, KE: 2.28e+01, CFL: 0.221
INFO: Step: 226000, Time: 6.51e+07, KE: 2.38e+01, CFL: 0.207
INFO: Step: 227000, Time: 6.54e+07, KE: 2.43e+01, CFL: 0.222
INFO: Step: 228000, Time: 6.57e+07, KE: 2.48e+01, CFL: 0.210
INFO: Step: 229000, Time: 6.60e+07, KE: 2.49e+01, CFL: 0.207
INFO: Step: 230000, Time: 6.62e+07, KE: 2.49e+01, CFL: 0.238
INFO: Step: 231000, Time: 6.65e+07, KE: 2.64e+01, CFL: 0.241
INFO: Step: 232000, Time: 6.68e+07, KE: 2.83e+01, CFL: 0.268
INFO: Step: 233000, Time: 6.71e+07, KE: 3.04e+01, CFL: 0.247
INFO: Step: 234000, Time: 6.74e+07, KE: 3.00e+01, CFL: 0.222
INFO: Step: 235000, Time: 6.77e+07, KE: 2.89e+01, CFL: 0.231
INFO: Step: 236000, Time: 6.80e+07, KE: 2.79e+01, CFL: 0.226
INFO: Step: 237000, Time: 6.83e+07, KE: 2.77e+01, CFL: 0.231
INFO: Step: 238000, Time: 6.85e+07, KE: 2.71e+01, CFL: 0.219
INFO: Step: 239000, Time: 6.88e+07, KE: 2.69e+01, CFL: 0.220
INFO: Step: 240000, Time: 6.91e+07, KE: 2.65e+01, CFL: 0.216
INFO: Step: 241000, Time: 6.94e+07, KE: 2.54e+01, CFL: 0.207
INFO: Step: 242000, Time: 6.97e+07, KE: 2.52e+01, CFL: 0.202
INFO: Step: 243000, Time: 7.00e+07, KE: 2.70e+01, CFL: 0.219
INFO: Step: 244000, Time: 7.03e+07, KE: 2.93e+01, CFL: 0.243
INFO: Step: 245000, Time: 7.06e+07, KE: 2.96e+01, CFL: 0.216
INFO: Step: 246000, Time: 7.08e+07, KE: 2.74e+01, CFL: 0.210
INFO: Step: 247000, Time: 7.11e+07, KE: 2.72e+01, CFL: 0.229
INFO: Step: 248000, Time: 7.14e+07, KE: 2.79e+01, CFL: 0.231
INFO: Step: 249000, Time: 7.17e+07, KE: 2.73e+01, CFL: 0.218
INFO: Step: 250000, Time: 7.20e+07, KE: 2.86e+01, CFL: 0.238
INFO: Step: 251000, Time: 7.23e+07, KE: 3.03e+01, CFL: 0.243
INFO: Step: 252000, Time: 7.26e+07, KE: 2.98e+01, CFL: 0.219
INFO: Step: 253000, Time: 7.29e+07, KE: 3.00e+01, CFL: 0.259
slurmstepd-midway2-0385: error: *** JOB 46619802 ON midway2-0385 CANCELLED AT 2018-06-18T10:58:59 DUE TO TIME LIMIT ***
